<?xml version="1.0" encoding="UTF-8"?>
<testng-results skipped="0" failed="0" ignored="0" total="1" passed="1">
  <reporter-output>
  </reporter-output>
  <suite name="Default suite" duration-ms="113277" started-at="2018-08-19T13:13:43Z" finished-at="2018-08-19T13:15:37Z">
    <groups>
    </groups>
    <test name="Default test" duration-ms="113277" started-at="2018-08-19T13:13:43Z" finished-at="2018-08-19T13:15:37Z">
      <class name="com.delivey.template.MainTest">
        <test-method status="PASS" signature="LaaunchBrowser()[pri:0, instance:com.delivey.template.MainTest@6f7fd0e6]" name="LaaunchBrowser" is-config="true" duration-ms="9724" started-at="2018-08-19T18:43:43Z" finished-at="2018-08-19T18:43:53Z">
          <reporter-output>
          </reporter-output>
        </test-method> <!-- LaaunchBrowser -->
        <test-method status="PASS" signature="ALLBrokenLinkTest()[pri:0, instance:com.delivey.template.MainTest@6f7fd0e6]" name="ALLBrokenLinkTest" duration-ms="103323" started-at="2018-08-19T18:43:53Z" finished-at="2018-08-19T18:45:37Z">
          <reporter-output>
          </reporter-output>
        </test-method> <!-- ALLBrokenLinkTest -->
        <test-method status="PASS" signature="CloseBrowser()[pri:0, instance:com.delivey.template.MainTest@6f7fd0e6]" name="CloseBrowser" is-config="true" duration-ms="158" started-at="2018-08-19T18:45:37Z" finished-at="2018-08-19T18:45:37Z">
          <reporter-output>
          </reporter-output>
        </test-method> <!-- CloseBrowser -->
      </class> <!-- com.delivey.template.MainTest -->
    </test> <!-- Default test -->
  </suite> <!-- Default suite -->
</testng-results>
